<component name="libraryTable">
  <library name="junit-4.13-beta-2 (1)">
    <CLASSES>
      <root url="jar://D:/Cry of Fear/junit/junit-4.13-beta-2 (1).jar!/" />
    </CLASSES>
    <JAVADOC />
    <SOURCES />
  </library>
</component>